0 info it worked if it ends with ok
1 verbose cli [ 'C:\\Program Files\\nodejs\\node.exe',
1 verbose cli   'C:\\Users\\acaria\\AppData\\Roaming\\npm\\node_modules\\npm\\bin\\npm-cli.js',
1 verbose cli   'install',
1 verbose cli   '@types/vis',
1 verbose cli   '--save-dev' ]
2 info using npm@4.0.3
3 info using node@v6.5.0
4 silly loadCurrentTree Starting
5 silly install loadCurrentTree
6 silly install readLocalPackageData
7 silly fetchPackageMetaData @types/vis
8 silly fetchNamedPackageData @types/vis
9 silly mapToRegistry name @types/vis
10 silly mapToRegistry scope (from package name) @types
11 verbose mapToRegistry no registry URL found in name for scope @types
12 silly mapToRegistry using default registry
13 silly mapToRegistry registry https://registry.npmjs.org/
14 silly mapToRegistry data Result {
14 silly mapToRegistry   raw: '@types/vis',
14 silly mapToRegistry   scope: '@types',
14 silly mapToRegistry   escapedName: '@types%2fvis',
14 silly mapToRegistry   name: '@types/vis',
14 silly mapToRegistry   rawSpec: '',
14 silly mapToRegistry   spec: 'latest',
14 silly mapToRegistry   type: 'tag' }
15 silly mapToRegistry uri https://registry.npmjs.org/@types%2fvis
16 verbose request uri https://registry.npmjs.org/@types%2fvis
17 verbose request no auth needed
18 info attempt registry request try #1 at 1:03:58 AM
19 verbose request id e1495bbd4ea9e444
20 http request GET https://registry.npmjs.org/@types%2fvis
21 http 404 https://registry.npmjs.org/@types%2fvis
22 verbose headers { 'content-type': 'application/json',
22 verbose headers   'cache-control': 'max-age=0',
22 verbose headers   'content-length': '2',
22 verbose headers   'accept-ranges': 'bytes',
22 verbose headers   date: 'Tue, 20 Dec 2016 01:03:58 GMT',
22 verbose headers   via: '1.1 varnish',
22 verbose headers   age: '0',
22 verbose headers   connection: 'keep-alive',
22 verbose headers   'x-served-by': 'cache-lcy1136-LCY',
22 verbose headers   'x-cache': 'MISS',
22 verbose headers   'x-cache-hits': '0',
22 verbose headers   'x-timer': 'S1482195838.463127,VS0,VE394',
22 verbose headers   vary: 'Accept-Encoding' }
23 silly get cb [ 404,
23 silly get   { 'content-type': 'application/json',
23 silly get     'cache-control': 'max-age=0',
23 silly get     'content-length': '2',
23 silly get     'accept-ranges': 'bytes',
23 silly get     date: 'Tue, 20 Dec 2016 01:03:58 GMT',
23 silly get     via: '1.1 varnish',
23 silly get     age: '0',
23 silly get     connection: 'keep-alive',
23 silly get     'x-served-by': 'cache-lcy1136-LCY',
23 silly get     'x-cache': 'MISS',
23 silly get     'x-cache-hits': '0',
23 silly get     'x-timer': 'S1482195838.463127,VS0,VE394',
23 silly get     vary: 'Accept-Encoding' } ]
24 silly fetchPackageMetaData Error: Registry returned 404 for GET on https://registry.npmjs.org/@types%2fvis
24 silly fetchPackageMetaData     at makeError (C:\Users\acaria\AppData\Roaming\npm\node_modules\npm\node_modules\npm-registry-client\lib\request.js:302:12)
24 silly fetchPackageMetaData     at CachingRegistryClient.<anonymous> (C:\Users\acaria\AppData\Roaming\npm\node_modules\npm\node_modules\npm-registry-client\lib\request.js:280:14)
24 silly fetchPackageMetaData     at Request._callback (C:\Users\acaria\AppData\Roaming\npm\node_modules\npm\node_modules\npm-registry-client\lib\request.js:210:14)
24 silly fetchPackageMetaData     at Request.self.callback (C:\Users\acaria\AppData\Roaming\npm\node_modules\npm\node_modules\request\request.js:186:22)
24 silly fetchPackageMetaData     at emitTwo (events.js:106:13)
24 silly fetchPackageMetaData     at Request.emit (events.js:191:7)
24 silly fetchPackageMetaData     at Request.<anonymous> (C:\Users\acaria\AppData\Roaming\npm\node_modules\npm\node_modules\request\request.js:1081:10)
24 silly fetchPackageMetaData     at emitOne (events.js:96:13)
24 silly fetchPackageMetaData     at Request.emit (events.js:188:7)
24 silly fetchPackageMetaData     at IncomingMessage.<anonymous> (C:\Users\acaria\AppData\Roaming\npm\node_modules\npm\node_modules\request\request.js:1001:12)
24 silly fetchPackageMetaData  error for @types/vis { Error: Registry returned 404 for GET on https://registry.npmjs.org/@types%2fvis
24 silly fetchPackageMetaData     at makeError (C:\Users\acaria\AppData\Roaming\npm\node_modules\npm\node_modules\npm-registry-client\lib\request.js:302:12)
24 silly fetchPackageMetaData     at CachingRegistryClient.<anonymous> (C:\Users\acaria\AppData\Roaming\npm\node_modules\npm\node_modules\npm-registry-client\lib\request.js:280:14)
24 silly fetchPackageMetaData     at Request._callback (C:\Users\acaria\AppData\Roaming\npm\node_modules\npm\node_modules\npm-registry-client\lib\request.js:210:14)
24 silly fetchPackageMetaData     at Request.self.callback (C:\Users\acaria\AppData\Roaming\npm\node_modules\npm\node_modules\request\request.js:186:22)
24 silly fetchPackageMetaData     at emitTwo (events.js:106:13)
24 silly fetchPackageMetaData     at Request.emit (events.js:191:7)
24 silly fetchPackageMetaData     at Request.<anonymous> (C:\Users\acaria\AppData\Roaming\npm\node_modules\npm\node_modules\request\request.js:1081:10)
24 silly fetchPackageMetaData     at emitOne (events.js:96:13)
24 silly fetchPackageMetaData     at Request.emit (events.js:188:7)
24 silly fetchPackageMetaData     at IncomingMessage.<anonymous> (C:\Users\acaria\AppData\Roaming\npm\node_modules\npm\node_modules\request\request.js:1001:12) pkgid: '@types/vis', statusCode: 404, code: 'E404' }
25 silly rollbackFailedOptional Starting
26 silly rollbackFailedOptional Finishing
27 silly runTopLevelLifecycles Finishing
28 silly install printInstalled
29 verbose stack Error: Registry returned 404 for GET on https://registry.npmjs.org/@types%2fvis
29 verbose stack     at makeError (C:\Users\acaria\AppData\Roaming\npm\node_modules\npm\node_modules\npm-registry-client\lib\request.js:302:12)
29 verbose stack     at CachingRegistryClient.<anonymous> (C:\Users\acaria\AppData\Roaming\npm\node_modules\npm\node_modules\npm-registry-client\lib\request.js:280:14)
29 verbose stack     at Request._callback (C:\Users\acaria\AppData\Roaming\npm\node_modules\npm\node_modules\npm-registry-client\lib\request.js:210:14)
29 verbose stack     at Request.self.callback (C:\Users\acaria\AppData\Roaming\npm\node_modules\npm\node_modules\request\request.js:186:22)
29 verbose stack     at emitTwo (events.js:106:13)
29 verbose stack     at Request.emit (events.js:191:7)
29 verbose stack     at Request.<anonymous> (C:\Users\acaria\AppData\Roaming\npm\node_modules\npm\node_modules\request\request.js:1081:10)
29 verbose stack     at emitOne (events.js:96:13)
29 verbose stack     at Request.emit (events.js:188:7)
29 verbose stack     at IncomingMessage.<anonymous> (C:\Users\acaria\AppData\Roaming\npm\node_modules\npm\node_modules\request\request.js:1001:12)
30 verbose statusCode 404
31 verbose pkgid @types/vis
32 verbose cwd C:\Users\acaria\project\axone\client
33 error Windows_NT 10.0.14393
34 error argv "C:\\Program Files\\nodejs\\node.exe" "C:\\Users\\acaria\\AppData\\Roaming\\npm\\node_modules\\npm\\bin\\npm-cli.js" "install" "@types/vis" "--save-dev"
35 error node v6.5.0
36 error npm  v4.0.3
37 error code E404
38 error 404 Registry returned 404 for GET on https://registry.npmjs.org/@types%2fvis
39 error 404
40 error 404 '@types/vis' is not in the npm registry.
41 error 404 You should bug the author to publish it (or use the name yourself!)
42 error 404 Note that you can also install from a
43 error 404 tarball, folder, http url, or git url.
44 verbose exit [ 1, true ]
